
Showing logs for build [32msonyali01-environment-leaderbro-1[0m stage [32mmeta-pipeline[0m and container [32mstep-credential-initializer-f7vgl[0m
{"level":"warn","ts":1568762329.2270794,"logger":"fallback-logger","caller":"logging/config.go:69","msg":"Fetch GitHub commit ID from kodata failed: \"ref: refs/heads/master\" is not a valid GitHub commit ID"}
{"level":"info","ts":1568762329.2275336,"logger":"fallback-logger","caller":"creds-init/main.go:40","msg":"Credentials initialized."}

Showing logs for build [32msonyali01-environment-leaderbro-1[0m stage [32mmeta-pipeline[0m and container [32mstep-working-dir-initializer-p4vhw[0m
{"level":"warn","ts":1568762330.05654,"logger":"fallback-logger","caller":"logging/config.go:69","msg":"Fetch GitHub commit ID from kodata failed: open /var/run/ko/HEAD: no such file or directory"}
{"level":"info","ts":1568762330.0628946,"logger":"fallback-logger","caller":"bash/main.go:65","msg":"Successfully executed command \"mkdir -p /workspace/source\""}

Showing logs for build [32msonyali01-environment-leaderbro-1[0m stage [32mmeta-pipeline[0m and container [32mstep-place-tools[0m

Showing logs for build [32msonyali01-environment-leaderbro-1[0m stage [32mmeta-pipeline[0m and container [32mstep-git-source-meta-sonyali01-environment-lead-cmw2x[0m
{"level":"warn","ts":1568762335.103235,"logger":"fallback-logger","caller":"logging/config.go:69","msg":"Fetch GitHub commit ID from kodata failed: \"ref: refs/heads/master\" is not a valid GitHub commit ID"}
{"level":"info","ts":1568762335.4471807,"logger":"fallback-logger","caller":"git/git.go:102","msg":"Successfully cloned https://github.com/*********/environment-leaderbronze-staging.git @ eddd87009277719182b3d2f8721c8dcfc1196ff4 in path /workspace/source"}

Showing logs for build [32msonyali01-environment-leaderbro-1[0m stage [32mmeta-pipeline[0m and container [32mstep-git-merge[0m
Using SHAs from PULL_REFS=master:eddd87009277719182b3d2f8721c8dcfc1196ff4,1:167015e97c4c5ec44f1fb47ab430eeb291880346
DEBUG: ran git fetch --unshallow origin 167015e97c4c5ec44f1fb47ab430eeb291880346: eddd87009277719182b3d2f8721c8dcfc1196ff4: in 
DEBUG: ran git checkout master in 
DEBUG: ran git reset --hard eddd87009277719182b3d2f8721c8dcfc1196ff4 in 
DEBUG: ran clean --force -d . in 
DEBUG: ran git merge 167015e97c4c5ec44f1fb47ab430eeb291880346 in 
Merged SHA 167015e97c4c5ec44f1fb47ab430eeb291880346 with commit message 'chore: Promote tekton-go-091702 to version 0.0.1' into base branch master

Showing logs for build [32msonyali01-environment-leaderbro-1[0m stage [32mmeta-pipeline[0m and container [32mstep-merge-pull-refs[0m
DEBUG: ran git fetch origin 167015e97c4c5ec44f1fb47ab430eeb291880346: eddd87009277719182b3d2f8721c8dcfc1196ff4: in 
DEBUG: Unshallowed git repo in 
DEBUG: ran git checkout master in 
DEBUG: ran git reset --hard eddd87009277719182b3d2f8721c8dcfc1196ff4 in 
DEBUG: ran clean --force -d . in 
DEBUG: ran git merge 167015e97c4c5ec44f1fb47ab430eeb291880346 in 
Merged SHA 167015e97c4c5ec44f1fb47ab430eeb291880346 with commit message 'chore: Promote tekton-go-091702 to version 0.0.1' into base branch master

Showing logs for build [32msonyali01-environment-leaderbro-1[0m stage [32mmeta-pipeline[0m and container [32mstep-create-effective-pipeline[0m
Deleting and cloning the Jenkins X versions repo
Cloning the Jenkins X versions repo https://github.com/jenkins-x/jenkins-x-versions.git with ref refs/heads/master to /builder/home/.**/jenkins-x-versions
selected pack: /builder/home/.**/draft/packs/github.com/jenkins-x-buildpacks/jenkins-x-kubernetes/packs/environment
Effective pipeline written to jenkins-x-promotion-build-effective.yml

Showing logs for build [32msonyali01-environment-leaderbro-1[0m stage [32mmeta-pipeline[0m and container [32mstep-create-tekton-crds[0m
PipelineActivity for *********-environment-leaderbronze-staging-PR-1-1
Applying changes 
upserted PipelineResource *********-environment-leaderbro for the git repository https://github.com/*********/environment-leaderbronze-staging.git
upserted Task *********-environment-leaderbro-from-build-pack-1
upserted Pipeline *********-environment-leaderbro-1
created PipelineRun *********-environment-leaderbro-1
created PipelineStructure *********-environment-leaderbro-1

Showing logs for build [32msonyali01-environment-leaderbro-1[0m stage [32mfrom-build-pack[0m and container [32mstep-credential-initializer-zmtct[0m
{"level":"warn","ts":1568762347.3486888,"logger":"fallback-logger","caller":"logging/config.go:69","msg":"Fetch GitHub commit ID from kodata failed: \"ref: refs/heads/master\" is not a valid GitHub commit ID"}
{"level":"info","ts":1568762347.349122,"logger":"fallback-logger","caller":"creds-init/main.go:40","msg":"Credentials initialized."}

Showing logs for build [32msonyali01-environment-leaderbro-1[0m stage [32mfrom-build-pack[0m and container [32mstep-working-dir-initializer-zww7s[0m
{"level":"warn","ts":1568762348.225146,"logger":"fallback-logger","caller":"logging/config.go:69","msg":"Fetch GitHub commit ID from kodata failed: open /var/run/ko/HEAD: no such file or directory"}
{"level":"info","ts":1568762348.2366514,"logger":"fallback-logger","caller":"bash/main.go:65","msg":"Successfully executed command \"mkdir -p /workspace/source /workspace/source/env\""}

Showing logs for build [32msonyali01-environment-leaderbro-1[0m stage [32mfrom-build-pack[0m and container [32mstep-place-tools[0m

Showing logs for build [32msonyali01-environment-leaderbro-1[0m stage [32mfrom-build-pack[0m and container [32mstep-git-source-sonyali01-environment-leaderbro-964sc[0m
{"level":"warn","ts":1568762430.3312466,"logger":"fallback-logger","caller":"logging/config.go:69","msg":"Fetch GitHub commit ID from kodata failed: \"ref: refs/heads/master\" is not a valid GitHub commit ID"}
{"level":"info","ts":1568762430.6712067,"logger":"fallback-logger","caller":"git/git.go:102","msg":"Successfully cloned https://github.com/*********/environment-leaderbronze-staging.git @ master in path /workspace/source"}

Showing logs for build [32msonyali01-environment-leaderbro-1[0m stage [32mfrom-build-pack[0m and container [32mstep-git-merge[0m
Using SHAs from PULL_REFS=master:eddd87009277719182b3d2f8721c8dcfc1196ff4,1:167015e97c4c5ec44f1fb47ab430eeb291880346
DEBUG: ran git fetch origin 167015e97c4c5ec44f1fb47ab430eeb291880346: eddd87009277719182b3d2f8721c8dcfc1196ff4: in 
DEBUG: Unshallowed git repo in 
DEBUG: ran git checkout master in 
DEBUG: ran git reset --hard eddd87009277719182b3d2f8721c8dcfc1196ff4 in 
DEBUG: ran clean --force -d . in 
DEBUG: ran git merge 167015e97c4c5ec44f1fb47ab430eeb291880346 in 
Merged SHA 167015e97c4c5ec44f1fb47ab430eeb291880346 with commit message 'chore: Promote tekton-go-091702 to version 0.0.1' into base branch master

Showing logs for build [32msonyali01-environment-leaderbro-1[0m stage [32mfrom-build-pack[0m and container [32mstep-build-helm-build[0m
WARNING: No $CHART_REPOSITORY defined so using the default value of: http://jenkins-x-chartmuseum:8080
Adding missing Helm repo: storage.googleapis.com https://storage.googleapis.com/chartmuseum.jenkins-x.io
Successfully added Helm repository storage.googleapis.com.
Adding missing Helm repo: jenkins-x-chartmuseum http://jenkins-x-chartmuseum:8080
Successfully added Helm repository jenkins-x-chartmuseum.
WARNING: No $CHART_REPOSITORY defined so using the default value of: http://jenkins-x-chartmuseum:8080
Adding missing Helm repo: chartmuseum.jenkins-x.io http://chartmuseum.jenkins-x.io
Successfully added Helm repository chartmuseum.jenkins-x.io.
