
Showing logs for build [32msonyali01-environment-leaderbro-k59kh-1[0m stage [32mmeta-pipeline[0m and container [32mstep-credential-initializer-gqttk[0m
{"level":"warn","ts":1568764070.1451385,"logger":"fallback-logger","caller":"logging/config.go:69","msg":"Fetch GitHub commit ID from kodata failed: \"ref: refs/heads/master\" is not a valid GitHub commit ID"}
{"level":"info","ts":1568764070.1455586,"logger":"fallback-logger","caller":"creds-init/main.go:40","msg":"Credentials initialized."}

Showing logs for build [32msonyali01-environment-leaderbro-k59kh-1[0m stage [32mmeta-pipeline[0m and container [32mstep-working-dir-initializer-j95xt[0m
{"level":"warn","ts":1568764071.2197838,"logger":"fallback-logger","caller":"logging/config.go:69","msg":"Fetch GitHub commit ID from kodata failed: open /var/run/ko/HEAD: no such file or directory"}
{"level":"info","ts":1568764071.220953,"logger":"fallback-logger","caller":"bash/main.go:65","msg":"Successfully executed command \"mkdir -p /workspace/source\""}

Showing logs for build [32msonyali01-environment-leaderbro-k59kh-1[0m stage [32mmeta-pipeline[0m and container [32mstep-place-tools[0m

Showing logs for build [32msonyali01-environment-leaderbro-k59kh-1[0m stage [32mmeta-pipeline[0m and container [32mstep-git-source-meta-sonyali01-environment-lead-4pgvt[0m
{"level":"warn","ts":1568764076.31793,"logger":"fallback-logger","caller":"logging/config.go:69","msg":"Fetch GitHub commit ID from kodata failed: \"ref: refs/heads/master\" is not a valid GitHub commit ID"}
{"level":"info","ts":1568764076.669648,"logger":"fallback-logger","caller":"git/git.go:102","msg":"Successfully cloned https://github.com/*********/environment-leaderbronze-staging.git @ 8f92545217e4bb0b32a65dc9cfbe8d53ba8b11a2 in path /workspace/source"}

Showing logs for build [32msonyali01-environment-leaderbro-k59kh-1[0m stage [32mmeta-pipeline[0m and container [32mstep-git-merge[0m
Using SHAs from PULL_REFS=master:8f92545217e4bb0b32a65dc9cfbe8d53ba8b11a2,2:0f9750a5760f8f88b50184f5f03114a4d52342a7
DEBUG: ran git fetch --unshallow origin 0f9750a5760f8f88b50184f5f03114a4d52342a7: 8f92545217e4bb0b32a65dc9cfbe8d53ba8b11a2: in 
DEBUG: ran git checkout master in 
DEBUG: ran git reset --hard 8f92545217e4bb0b32a65dc9cfbe8d53ba8b11a2 in 
DEBUG: ran clean --force -d . in 
DEBUG: ran git merge 0f9750a5760f8f88b50184f5f03114a4d52342a7 in 
Merged SHA 0f9750a5760f8f88b50184f5f03114a4d52342a7 with commit message 'chore: Promote tekton-go-091703 to version 0.0.1' into base branch master

Showing logs for build [32msonyali01-environment-leaderbro-k59kh-1[0m stage [32mmeta-pipeline[0m and container [32mstep-merge-pull-refs[0m
DEBUG: ran git fetch origin 0f9750a5760f8f88b50184f5f03114a4d52342a7: 8f92545217e4bb0b32a65dc9cfbe8d53ba8b11a2: in 
DEBUG: Unshallowed git repo in 
DEBUG: ran git checkout master in 
DEBUG: ran git reset --hard 8f92545217e4bb0b32a65dc9cfbe8d53ba8b11a2 in 
DEBUG: ran clean --force -d . in 
DEBUG: ran git merge 0f9750a5760f8f88b50184f5f03114a4d52342a7 in 
Merged SHA 0f9750a5760f8f88b50184f5f03114a4d52342a7 with commit message 'chore: Promote tekton-go-091703 to version 0.0.1' into base branch master

Showing logs for build [32msonyali01-environment-leaderbro-k59kh-1[0m stage [32mmeta-pipeline[0m and container [32mstep-create-effective-pipeline[0m
Deleting and cloning the Jenkins X versions repo
Cloning the Jenkins X versions repo https://github.com/jenkins-x/jenkins-x-versions.git with ref refs/heads/master to /builder/home/.**/jenkins-x-versions
selected pack: /builder/home/.**/draft/packs/github.com/jenkins-x-buildpacks/jenkins-x-kubernetes/packs/environment
Effective pipeline written to jenkins-x-promotion-build-effective.yml

Showing logs for build [32msonyali01-environment-leaderbro-k59kh-1[0m stage [32mmeta-pipeline[0m and container [32mstep-create-tekton-crds[0m
PipelineActivity for *********-environment-leaderbronze-staging-PR-2-1
Applying changes 
upserted PipelineResource *********-environment-leaderbro for the git repository https://github.com/*********/environment-leaderbronze-staging.git
upserted Task *********-environment-leaderbro-k59kh-from-build-pack-1
upserted Pipeline *********-environment-leaderbro-k59kh-1
created PipelineRun *********-environment-leaderbro-k59kh-1
created PipelineStructure *********-environment-leaderbro-k59kh-1

Showing logs for build [32msonyali01-environment-leaderbro-k59kh-1[0m stage [32mfrom-build-pack[0m and container [32mstep-credential-initializer-5s4tl[0m
{"level":"warn","ts":1568764084.3496149,"logger":"fallback-logger","caller":"logging/config.go:69","msg":"Fetch GitHub commit ID from kodata failed: \"ref: refs/heads/master\" is not a valid GitHub commit ID"}
{"level":"info","ts":1568764084.3500574,"logger":"fallback-logger","caller":"creds-init/main.go:40","msg":"Credentials initialized."}

Showing logs for build [32msonyali01-environment-leaderbro-k59kh-1[0m stage [32mfrom-build-pack[0m and container [32mstep-working-dir-initializer-l8lsf[0m
{"level":"warn","ts":1568764085.4437742,"logger":"fallback-logger","caller":"logging/config.go:69","msg":"Fetch GitHub commit ID from kodata failed: open /var/run/ko/HEAD: no such file or directory"}
{"level":"info","ts":1568764085.445611,"logger":"fallback-logger","caller":"bash/main.go:65","msg":"Successfully executed command \"mkdir -p /workspace/source /workspace/source/env\""}

Showing logs for build [32msonyali01-environment-leaderbro-k59kh-1[0m stage [32mfrom-build-pack[0m and container [32mstep-place-tools[0m

Showing logs for build [32msonyali01-environment-leaderbro-k59kh-1[0m stage [32mfrom-build-pack[0m and container [32mstep-git-source-sonyali01-environment-leaderbro-gkfmw[0m
{"level":"warn","ts":1568764091.5167491,"logger":"fallback-logger","caller":"logging/config.go:69","msg":"Fetch GitHub commit ID from kodata failed: \"ref: refs/heads/master\" is not a valid GitHub commit ID"}
{"level":"info","ts":1568764091.8773634,"logger":"fallback-logger","caller":"git/git.go:102","msg":"Successfully cloned https://github.com/*********/environment-leaderbronze-staging.git @ master in path /workspace/source"}

Showing logs for build [32msonyali01-environment-leaderbro-k59kh-1[0m stage [32mfrom-build-pack[0m and container [32mstep-git-merge[0m
Using SHAs from PULL_REFS=master:8f92545217e4bb0b32a65dc9cfbe8d53ba8b11a2,2:0f9750a5760f8f88b50184f5f03114a4d52342a7
DEBUG: ran git fetch --unshallow origin 0f9750a5760f8f88b50184f5f03114a4d52342a7: 8f92545217e4bb0b32a65dc9cfbe8d53ba8b11a2: in 
DEBUG: ran git checkout master in 
DEBUG: ran git reset --hard 8f92545217e4bb0b32a65dc9cfbe8d53ba8b11a2 in 
DEBUG: ran clean --force -d . in 
DEBUG: ran git merge 0f9750a5760f8f88b50184f5f03114a4d52342a7 in 
Merged SHA 0f9750a5760f8f88b50184f5f03114a4d52342a7 with commit message 'chore: Promote tekton-go-091703 to version 0.0.1' into base branch master

Showing logs for build [32msonyali01-environment-leaderbro-k59kh-1[0m stage [32mfrom-build-pack[0m and container [32mstep-build-helm-build[0m
WARNING: No $CHART_REPOSITORY defined so using the default value of: http://jenkins-x-chartmuseum:8080
Adding missing Helm repo: storage.googleapis.com https://storage.googleapis.com/chartmuseum.jenkins-x.io
Successfully added Helm repository storage.googleapis.com.
Adding missing Helm repo: jenkins-x-chartmuseum http://jenkins-x-chartmuseum:8080
Successfully added Helm repository jenkins-x-chartmuseum.
WARNING: No $CHART_REPOSITORY defined so using the default value of: http://jenkins-x-chartmuseum:8080
Adding missing Helm repo: chartmuseum.jenkins-x.io http://chartmuseum.jenkins-x.io
Successfully added Helm repository chartmuseum.jenkins-x.io.
