
Showing logs for build [32msonyali01-environment-leaderbro-5847x-2[0m stage [32mmeta-pipeline[0m and container [32mstep-credential-initializer-xk4xv[0m
{"level":"warn","ts":1568764115.7092853,"logger":"fallback-logger","caller":"logging/config.go:69","msg":"Fetch GitHub commit ID from kodata failed: \"ref: refs/heads/master\" is not a valid GitHub commit ID"}
{"level":"info","ts":1568764115.709788,"logger":"fallback-logger","caller":"creds-init/main.go:40","msg":"Credentials initialized."}

Showing logs for build [32msonyali01-environment-leaderbro-5847x-2[0m stage [32mmeta-pipeline[0m and container [32mstep-working-dir-initializer-qb7fl[0m
{"level":"warn","ts":1568764116.5759845,"logger":"fallback-logger","caller":"logging/config.go:69","msg":"Fetch GitHub commit ID from kodata failed: open /var/run/ko/HEAD: no such file or directory"}
{"level":"info","ts":1568764116.5774639,"logger":"fallback-logger","caller":"bash/main.go:65","msg":"Successfully executed command \"mkdir -p /workspace/source\""}

Showing logs for build [32msonyali01-environment-leaderbro-5847x-2[0m stage [32mmeta-pipeline[0m and container [32mstep-place-tools[0m

Showing logs for build [32msonyali01-environment-leaderbro-5847x-2[0m stage [32mmeta-pipeline[0m and container [32mstep-git-source-meta-sonyali01-environment-lead-xkfsg[0m
{"level":"warn","ts":1568764122.7190955,"logger":"fallback-logger","caller":"logging/config.go:69","msg":"Fetch GitHub commit ID from kodata failed: \"ref: refs/heads/master\" is not a valid GitHub commit ID"}
{"level":"info","ts":1568764123.076354,"logger":"fallback-logger","caller":"git/git.go:102","msg":"Successfully cloned https://github.com/*********/environment-leaderbronze-staging.git @ 7bac42ec56540271e4532848cc4ed2e2e6e4c295 in path /workspace/source"}

Showing logs for build [32msonyali01-environment-leaderbro-5847x-2[0m stage [32mmeta-pipeline[0m and container [32mstep-git-merge[0m
Using SHAs from PULL_REFS=master:7bac42ec56540271e4532848cc4ed2e2e6e4c295
WARNING: no SHAs to merge, falling back to initial cloned commit

Showing logs for build [32msonyali01-environment-leaderbro-5847x-2[0m stage [32mmeta-pipeline[0m and container [32mstep-merge-pull-refs[0m
SKIP merge-pull-refs: Nothing to merge

Showing logs for build [32msonyali01-environment-leaderbro-5847x-2[0m stage [32mmeta-pipeline[0m and container [32mstep-create-effective-pipeline[0m
Deleting and cloning the Jenkins X versions repo
Cloning the Jenkins X versions repo https://github.com/jenkins-x/jenkins-x-versions.git with ref refs/heads/master to /builder/home/.**/jenkins-x-versions
selected pack: /builder/home/.**/draft/packs/github.com/jenkins-x-buildpacks/jenkins-x-kubernetes/packs/environment
Effective pipeline written to jenkins-x-promotion-effective.yml

Showing logs for build [32msonyali01-environment-leaderbro-5847x-2[0m stage [32mmeta-pipeline[0m and container [32mstep-create-tekton-crds[0m
running command: ** step next-version --use-git-tag-only --tag
created new version: 0.0.2 and written to file: ./VERSION
Tag v0.0.2 created and pushed to remote origin

PipelineActivity for *********-environment-leaderbronze-staging-master-2
Applying changes 
upserted PipelineResource *********-environment-leaderbro for the git repository https://github.com/*********/environment-leaderbronze-staging.git
upserted Task *********-environment-leaderbro-5847x-from-build-pack-2
upserted Pipeline *********-environment-leaderbro-5847x-2
created PipelineRun *********-environment-leaderbro-5847x-2
created PipelineStructure *********-environment-leaderbro-5847x-2

Showing logs for build [32msonyali01-environment-leaderbro-5847x-2[0m stage [32mfrom-build-pack[0m and container [32mstep-credential-initializer-g7g4v[0m
{"level":"warn","ts":1568764135.2541602,"logger":"fallback-logger","caller":"logging/config.go:69","msg":"Fetch GitHub commit ID from kodata failed: \"ref: refs/heads/master\" is not a valid GitHub commit ID"}
{"level":"info","ts":1568764135.2545815,"logger":"fallback-logger","caller":"creds-init/main.go:40","msg":"Credentials initialized."}

Showing logs for build [32msonyali01-environment-leaderbro-5847x-2[0m stage [32mfrom-build-pack[0m and container [32mstep-working-dir-initializer-vk5nf[0m
{"level":"warn","ts":1568764136.3772917,"logger":"fallback-logger","caller":"logging/config.go:69","msg":"Fetch GitHub commit ID from kodata failed: open /var/run/ko/HEAD: no such file or directory"}
{"level":"info","ts":1568764136.3786063,"logger":"fallback-logger","caller":"bash/main.go:65","msg":"Successfully executed command \"mkdir -p /workspace/source /workspace/source/env\""}

Showing logs for build [32msonyali01-environment-leaderbro-5847x-2[0m stage [32mfrom-build-pack[0m and container [32mstep-place-tools[0m

Showing logs for build [32msonyali01-environment-leaderbro-5847x-2[0m stage [32mfrom-build-pack[0m and container [32mstep-git-source-sonyali01-environment-leaderbro-jgrd2[0m
{"level":"warn","ts":1568764143.4349298,"logger":"fallback-logger","caller":"logging/config.go:69","msg":"Fetch GitHub commit ID from kodata failed: \"ref: refs/heads/master\" is not a valid GitHub commit ID"}
{"level":"info","ts":1568764143.7769258,"logger":"fallback-logger","caller":"git/git.go:102","msg":"Successfully cloned https://github.com/*********/environment-leaderbronze-staging.git @ v0.0.2 in path /workspace/source"}

Showing logs for build [32msonyali01-environment-leaderbro-5847x-2[0m stage [32mfrom-build-pack[0m and container [32mstep-git-merge[0m
Using SHAs from PULL_REFS=master:7bac42ec56540271e4532848cc4ed2e2e6e4c295
WARNING: no SHAs to merge, falling back to initial cloned commit

Showing logs for build [32msonyali01-environment-leaderbro-5847x-2[0m stage [32mfrom-build-pack[0m and container [32mstep-setup-jx-git-credentials[0m
Generated Git credentials file /builder/home/git/credentials

Showing logs for build [32msonyali01-environment-leaderbro-5847x-2[0m stage [32mfrom-build-pack[0m and container [32mstep-build-helm-apply[0m
Modified file /workspace/source/env/Chart.yaml to set the chart to version 2
Copying the helm source directory /workspace/source/env to a temporary location for building and applying /tmp/**-helm-apply-079859910/env
Applying helm chart at /tmp/**-helm-apply-079859910/env as release name ** to namespace **-staging
verifying the helm requirements versions in dir: . using version stream URL:  and git ref: 
Deleting and cloning the Jenkins X versions repo
Cloning the Jenkins X versions repo https://github.com/jenkins-x/jenkins-x-versions.git with ref refs/heads/master to /builder/home/.**/jenkins-x-versions
Ignoring templates/.gitignore
Wrote chart values.yaml /tmp/**-helm-apply-079859910/env/values.yaml generated from directory tree
generated helm /tmp/**-helm-apply-079859910/env/values.yaml

PipelineSecrets: {}
cleanup:
  Annotations:
    helm.sh/hook: pre-delete
    helm.sh/hook-delete-policy: hook-succeeded
  Args:
  - --cleanup
controllerbuild:
  enabled: true
controllerworkflow:
  enabled: false
dockerRegistry: 353780514906.dkr.ecr.us-west-2.amazonaws.com
expose:
  Annotations:
    helm.sh/hook: post-install,post-upgrade
    helm.sh/hook-delete-policy: hook-succeeded
  Args:
  - --v
  - 4
  config:
    domain: jenkinsxuswest1.wedevops.io
    exposer: Ingress
    http: "true"
jenkins:
  Servers:
    Global:
      EnvVars:
        TILLER_NAMESPACE: kube-system
  enabled: false
prow: {}

Using values files: /tmp/**-helm-apply-079859910/env/values.yaml
WARNING: No $CHART_REPOSITORY defined so using the default value of: http://jenkins-x-chartmuseum:8080
Adding missing Helm repo: storage.googleapis.com https://storage.googleapis.com/chartmuseum.jenkins-x.io
Successfully added Helm repository storage.googleapis.com.
Adding missing Helm repo: jenkins-x-chartmuseum http://jenkins-x-chartmuseum:8080
Successfully added Helm repository jenkins-x-chartmuseum.
WARNING: No $CHART_REPOSITORY defined so using the default value of: http://jenkins-x-chartmuseum:8080
Adding missing Helm repo: chartmuseum.jenkins-x.io http://chartmuseum.jenkins-x.io
Successfully added Helm repository chartmuseum.jenkins-x.io.
Applying Apps chart overrides
Applying chart overrides


